#
# There is insufficient memory for the Java Runtime Environment to continue.
# Native memory allocation (malloc) failed to allocate 2097152 bytes for AllocateHeap
# Possible reasons:
#   The system is out of physical RAM or swap space
#   The process is running with CompressedOops enabled, and the Java Heap may be blocking the growth of the native heap
# Possible solutions:
#   Reduce memory load on the system
#   Increase physical memory or swap space
#   Check if swap backing store is full
#   Decrease Java heap size (-Xmx/-Xms)
#   Decrease number of Java threads
#   Decrease Java thread stack sizes (-Xss)
#   Set larger code cache with -XX:ReservedCodeCacheSize=
#   JVM is running with Unscaled Compressed Oops mode in which the Java heap is
#     placed in the first 4GB address space. The Java Heap base address is the
#     maximum limit for the native heap growth. Please use -XX:HeapBaseMinAddress
#     to set the Java Heap base and to place the Java Heap above 4GB virtual address.
# This output file may be truncated or incomplete.
#
#  Out of Memory Error (allocation.cpp:44), pid=17296, tid=24856
#
# JRE version: OpenJDK Runtime Environment Temurin-17.0.8.1+1 (17.0.8.1+1) (build 17.0.8.1+1)
# Java VM: OpenJDK 64-Bit Server VM Temurin-17.0.8.1+1 (17.0.8.1+1, mixed mode, emulated-client, tiered, compressed oops, compressed class ptrs, g1 gc, windows-amd64)
# No core dump will be written. Minidumps are not enabled by default on client versions of Windows
#

---------------  S U M M A R Y ------------

Command Line: -XX:+HeapDumpOnOutOfMemoryError -Xmx1024m -Dsts.lsp.client=vscode -Dsts.log.file=/dev/null -XX:TieredStopAtLevel=1 -Xlog:jni+resolve=off -Dspring.config.location=file:c:\Users\8106550T\.vscode\extensions\vmware.vscode-spring-boot-1.49.0\language-server\BOOT-INF\classes\application.properties org.springframework.ide.vscode.boot.app.BootLanguageServerBootApp

Host: 11th Gen Intel(R) Core(TM) i5-1135G7 @ 2.40GHz, 8 cores, 15G,  Windows 11 , 64 bit Build 22621 (10.0.22621.2215)
Time: Sun Oct  1 09:07:49 2023 Paris, Madrid (heure duild 22621 (10.0.22621.2215) elapsed time: 260917.126759 seconds (3d 0h 28m 37s)

---------------  T H R E A D  ---------------

Current thread (0x000001dfe735f0c0):  VMThread "VM Thread" [stack: 0x0000006136700000,0x0000006136800000] [id=24856]

Stack: [0x0000006136700000,0x0000006136800000]
Native frames: (J=compiled Java code, j=interpreted, Vv=VM code, C=native code)
V  [jvm.dll+0x678b0a]
V  [jvm.dll+0x835e84]
V  [jvm.dll+0x83762e]
V  [jvm.dll+0x837c93]
V  [jvm.dll+0x24746f]
V  [jvm.dll+0xa697b]
V  [jvm.dll+0x2f7f41]
V  [jvm.dll+0x2f3b80]
V  [jvm.dll+0x2dc1c7]
V  [jvm.dll+0x31f227]
V  [jvm.dll+0x83c15b]
V  [jvm.dll+0x83ce94]
V  [jvm.dll+0x83d3ac]
V  [jvm.dll+0x83d784]
V  [jvm.dll+0x83d850]
V  [jvm.dll+0x7e64ca]
V  [jvm.dll+0x677955]
C  [ucrtbase.dll+0x29363]
C  [KERNEL32.DLL+0x1257d]
C  [ntdll.dll+0x5aa68]

VM_Operation (0x0000006137ffeac0): G1CollectFull, mode: safepoint, requested by thread 0x000001dfed3ccd60


---------------  P R O C E S S  ---------------

Threads class SMR info:
_java_thread_list=0x000001dfe7480fa0, length=27, elements={
0x000001dfe7374380, 0x000001dfe7374e50, 0x000001dfe73b4130, 0x000001dfe73b6a10,
0x000001dfe73b72e0, 0x000001dfe73bbbd0, 0x000001dfe73bc550, 0x000001dfe73bee70,
0x000001dfe75064c0, 0x000001dfe7524880, 0x000001dfed3e7030, 0x000001dfed3ccd60,
0x000001dfed43f0f0, 0x000001dfdc501f70, 0x000001dfecff6270, 0x000001dfec04dc70,
0x000001dfec74d4c0, 0x000001dfec74caa0, 0x000001dfec74f830, 0x000001dfec74f320,
0x000001dfec74e900, 0x000001dfec74d9d0, 0x000001dfec74dee0, 0x000001dfec74e3f0,
0x000001dfedb17670, 0x000001dfedb139b0, 0x000001dfedb17160
}

Java Threads: ( => current thread )
  0x000001dfe7374380 JavaThread "Reference Handler" daemon [_thread_blocked, id=29276, stack(0x0000006136800000,0x0000006136900000)]
  0x000001dfe7374e50 JavaThread "Finalizer" daemon [_thread_blocked, id=29500, stack(0x0000006136900000,0x0000006136a00000)]
  0x000001dfe73b4130 JavaThread "Signal Dispatcher" daemon [_thread_blocked, id=17248, stack(0x0000006136a00000,0x0000006136b00000)]
  0x000001dfe73b6a10 JavaThread "Attach Listener" daemon [_thread_blocked, id=22968, stack(0x0000006136b00000,0x0000006136c00000)]
  0x000001dfe73b72e0 JavaThread "Service Thread" daemon [_thread_blocked, id=27232, stack(0x0000006136c00000,0x0000006136d00000)]
  0x000001dfe73bbbd0 JavaThread "Monitor Deflation Thread" daemon [_thread_blocked, id=20384, stack(0x0000006136d00000,0x0000006136e00000)]
  0x000001dfe73bc550 JavaThread "C1 CompilerThread0" daemon [_thread_blocked, id=18688, stack(0x0000006136e00000,0x0000006136f00000)]
  0x000001dfe73bee70 JavaThread "Sweeper thread" daemon [_thread_blocked, id=3316, stack(0x0000006136f00000,0x0000006137000000)]
  0x000001dfe75064c0 JavaThread "Notification Thread" daemon [_thread_blocked, id=28232, stack(0x0000006137000000,0x0000006137100000)]
  0x000001dfe7524880 JavaThread "Common-Cleaner" daemon [_thread_blocked, id=10344, stack(0x0000006137500000,0x0000006137600000)]
  0x000001dfed3e7030 JavaThread "boundedElastic-evictor-1" daemon [_thread_blocked, id=22904, stack(0x0000006137b00000,0x0000006137c00000)]
  0x000001dfed3ccd60 JavaThread "pool-11-thread-1" [_thread_blocked, id=19996, stack(0x0000006137f00000,0x0000006138000000)]
  0x000001dfed43f0f0 JavaThread "LanguageServerApp-lifecycle" [_thread_blocked, id=13900, stack(0x0000006138000000,0x0000006138100000)]
  0x000001dfdc501f70 JavaThread "DestroyJavaVM" [_thread_blocked, id=20720, stack(0x0000006136100000,0x0000006136200000)]
  0x000001dfecff6270 JavaThread "pool-12-thread-1" [_thread_in_native, id=19024, stack(0x0000006138100000,0x0000006138200000)]
  0x000001dfec04dc70 JavaThread "Simple-Language-Server main thread" daemon [_thread_blocked, id=24952, stack(0x0000006138200000,0x0000006138300000)]
  0x000001dfec74d4c0 JavaThread "pool-7-thread-1" [_thread_blocked, id=22060, stack(0x0000006138600000,0x0000006138700000)]
  0x000001dfec74caa0 JavaThread "parallel-1" daemon [_thread_blocked, id=25868, stack(0x0000006138700000,0x0000006138800000)]
  0x000001dfec74f830 JavaThread "pool-5-thread-1" [_thread_blocked, id=23436, stack(0x0000006138800000,0x0000006138900000)]
  0x000001dfec74f320 JavaThread "parallel-2" daemon [_thread_blocked, id=25724, stack(0x0000006138900000,0x0000006138a00000)]
  0x000001dfec74e900 JavaThread "parallel-3" daemon [_thread_blocked, id=12092, stack(0x0000006138a00000,0x0000006138b00000)]
  0x000001dfec74d9d0 JavaThread "parallel-4" daemon [_thread_blocked, id=25144, stack(0x0000006138e00000,0x0000006138f00000)]
  0x000001dfec74dee0 JavaThread "parallel-5" daemon [_thread_blocked, id=9108, stack(0x0000006138f00000,0x0000006139000000)]
  0x000001dfec74e3f0 JavaThread "Reconciler-1" daemon [_thread_blocked, id=14252, stack(0x0000006139000000,0x0000006139100000)]
  0x000001dfedb17670 JavaThread "parallel-6" daemon [_thread_blocked, id=29800, stack(0x0000006135e00000,0x0000006135f00000)]
  0x000001dfedb139b0 JavaThread "parallel-7" daemon [_thread_blocked, id=3756, stack(0x0000006137300000,0x0000006137400000)]
  0x000001dfedb17160 JavaThread "parallel-8" daemon [_thread_blocked, id=20696, stack(0x0000006138300000,0x0000006138400000)]

Other Threads:
=>0x000001dfe735f0c0 VMThread "VM Thread" [stack: 0x0000006136700000,0x0000006136800000] [id=24856]
  0x000001dfdc566010 WatcherThread [stack: 0x0000006137100000,0x0000006137200000] [id=10784]
  0x000001dfdc5411d0 GCTaskThread "GC Thread#0" [stack: 0x0000006136200000,0x0000006136300000] [id=13420]
  0x000001dfec84f7c0 GCTaskThread "GC Thread#1" [stack: 0x0000006137600000,0x0000006137700000] [id=8652]
  0x000001dfec850f30 GCTaskThread "GC Thread#2" [stack: 0x0000006137700000,0x0000006137800000] [id=26184]
  0x000001dfec8511f0 GCTaskThread "GC Thread#3" [stack: 0x0000006137800000,0x0000006137900000] [id=10760]
  0x000001dfec85de60 GCTaskThread "GC Thread#4" [stack: 0x0000006137900000,0x0000006137a00000] [id=24380]
  0x000001dfec85e120 GCTaskThread "GC Thread#5" [stack: 0x0000006137a00000,0x0000006137b00000] [id=1772]
  0x000001dfecd22890 GCTaskThread "GC Thread#6" [stack: 0x0000006137c00000,0x0000006137d00000] [id=21352]
  0x000001dfecd22b50 GCTaskThread "GC Thread#7" [stack: 0x0000006137d00000,0x0000006137e00000] [id=27120]
  0x000001dfdc549f30 ConcurrentGCThread "G1 Main Marker" [stack: 0x0000006136300000,0x0000006136400000] [id=2428]
  0x000001dfdc54aff0 ConcurrentGCThread "G1 Conc#0" [stack: 0x0000006136400000,0x0000006136500000] [id=29208]
  0x000001dfeccc3050 ConcurrentGCThread "G1 Conc#1" [stack: 0x0000006137e00000,0x0000006137f00000] [id=6384]
  0x000001dfe71ca5b0 ConcurrentGCThread "G1 Refine#0" [stack: 0x0000006136500000,0x0000006136600000] [id=24456]
  0x000001dfe71cadf0 ConcurrentGCThread "G1 Service" [stack: 0x0000006136600000,0x0000006136700000] [id=28164]

Threads with active compile tasks:

VM state: at safepoint (normal execution)

VM Mutex/Monitor currently owned by a thread:  ([mutex/lock_event])
[0x000001dfda43c9f0] Threads_lock - owner thread: 0x000001dfe735f0c0
[0x000001dfdc500790] Heap_lock - owner thread: 0x000001dfed3ccd60

Heap address: 0x00000000c0000000, size: 1024 MB, Compressed Oops mode: 32-bit

CDS archive(s) not mapped
Compressed class space mapped at: 0x0000000100000000-0x0000000140000000, reserved size: 1073741824
Narrow klass base: 0x0000000000000000, Narrow klass shift: 3, Narrow klass range: 0x140000000

GC Precious Log:
 CPUs: 8 total, 8 available
 Memory: 16082M
 Large Page Support: Disabled
 NUMA Support: Disabled
 Compressed Oops: Enabled (32-bit)
 Heap Region Size: 1M
 Heap Min Capacity: 8M
 Heap Initial Capacity: 252M
 Heap Max Capacity: 1G
 Pre-touch: Disabled
 Parallel Workers: 8
 Concurrent Workers: 2
 Concurrent Refinement Workers: 8
 Periodic GC: Disabled

Heap:
 garbage-first heap   total 78848K, used 30098K [0x00000000c0000000, 0x0000000100000000)
  region size 1024K, 1 young (1024K), 0 survivors (0K)
 Metaspace       used 55845K, committed 56320K, reserved 1114112K
  class space    used 7133K, committed 7360K, reserved 1048576K

Heap Regions: E=young(eden), S=young(survivor), O=old, HS=humongous(starts), HC=humongous(continues), CS=collection set, F=free, OA=open archive, CA=closed archive, TAMS=top-at-mark-start (previous, next)
|   0|0x00000000c0000000, 0x00000000c0100000, 0x00000000c0100000|100%| O|  |TAMS 0x00000000c0100000, 0x00000000c0000000| Untracked 
|   1|0x00000000c0100000, 0x00000000c0200000, 0x00000000c0200000|100%| O|  |TAMS 0x00000000c0200000, 0x00000000c0100000| Untracked 
|   2|0x00000000c0200000, 0x00000000c02ffff8, 0x00000000c0300000| 99%| O|  |TAMS 0x00000000c02ffff8, 0x00000000c0200000| Untracked 
|   3|0x00000000c0300000, 0x00000000c0400000, 0x00000000c0400000|100%| O|  |TAMS 0x00000000c0400000, 0x00000000c0300000| Untracked 
|   4|0x00000000c0400000, 0x00000000c0500000, 0x00000000c0500000|100%| O|  |TAMS 0x00000000c0500000, 0x00000000c0400000| Untracked 
|   5|0x00000000c0500000, 0x00000000c0600000, 0x00000000c0600000|100%| O|  |TAMS 0x00000000c0600000, 0x00000000c0500000| Untracked 
|   6|0x00000000c0600000, 0x00000000c06fffa0, 0x00000000c0700000| 99%| O|  |TAMS 0x00000000c06fffa0, 0x00000000c0600000| Untracked 
|   7|0x00000000c0700000, 0x00000000c0800000, 0x00000000c0800000|100%| O|  |TAMS 0x00000000c0800000, 0x00000000c0700000| Untracked 
|   8|0x00000000c0800000, 0x00000000c08ffff0, 0x00000000c0900000| 99%| O|  |TAMS 0x00000000c08ffff0, 0x00000000c0800000| Untracked 
|   9|0x00000000c0900000, 0x00000000c0a00000, 0x00000000c0a00000|100%| O|  |TAMS 0x00000000c0a00000, 0x00000000c0900000| Untracked 
|  10|0x00000000c0a00000, 0x00000000c0afff98, 0x00000000c0b00000| 99%| O|  |TAMS 0x00000000c0afff98, 0x00000000c0a00000| Untracked 
|  11|0x00000000c0b00000, 0x00000000c0bfffe8, 0x00000000c0c00000| 99%| O|  |TAMS 0x00000000c0bfffe8, 0x00000000c0b00000| Untracked 
|  12|0x00000000c0c00000, 0x00000000c0cffff0, 0x00000000c0d00000| 99%| O|  |TAMS 0x00000000c0cffff0, 0x00000000c0c00000| Untracked 
|  13|0x00000000c0d00000, 0x00000000c0dfffd8, 0x00000000c0e00000| 99%| O|  |TAMS 0x00000000c0dfffd8, 0x00000000c0d00000| Untracked 
|  14|0x00000000c0e00000, 0x00000000c0efffe8, 0x00000000c0f00000| 99%| O|  |TAMS 0x00000000c0efffe8, 0x00000000c0e00000| Untracked 
|  15|0x00000000c0f00000, 0x00000000c0fffff8, 0x00000000c1000000| 99%| O|  |TAMS 0x00000000c0fffff8, 0x00000000c0f00000| Untracked 
|  16|0x00000000c1000000, 0x00000000c1100000, 0x00000000c1100000|100%| O|  |TAMS 0x00000000c1100000, 0x00000000c1000000| Untracked 
|  17|0x00000000c1100000, 0x00000000c1200000, 0x00000000c1200000|100%| O|  |TAMS 0x00000000c1200000, 0x00000000c1100000| Untracked 
|  18|0x00000000c1200000, 0x00000000c12ffff8, 0x00000000c1300000| 99%| O|  |TAMS 0x00000000c12ffff8, 0x00000000c1200000| Untracked 
|  19|0x00000000c1300000, 0x00000000c13ffff0, 0x00000000c1400000| 99%| O|  |TAMS 0x00000000c13ffff0, 0x00000000c1300000| Untracked 
|  20|0x00000000c1400000, 0x00000000c14fd670, 0x00000000c1500000| 98%| O|  |TAMS 0x00000000c14fd670, 0x00000000c1400000| Untracked 
|  21|0x00000000c1500000, 0x00000000c15f62e0, 0x00000000c1600000| 96%| O|  |TAMS 0x00000000c15f62e0, 0x00000000c1500000| Untracked 
|  22|0x00000000c1600000, 0x00000000c16fdd70, 0x00000000c1700000| 99%| O|  |TAMS 0x00000000c16fdd70, 0x00000000c1600000| Untracked 
|  23|0x00000000c1700000, 0x00000000c17fffe8, 0x00000000c1800000| 99%| O|  |TAMS 0x00000000c17fffe8, 0x00000000c1700000| Untracked 
|  24|0x00000000c1800000, 0x00000000c1900000, 0x00000000c1900000|100%|HS|  |TAMS 0x00000000c1900000, 0x00000000c1800000| Untracked 
|  25|0x00000000c1900000, 0x00000000c19ffff0, 0x00000000c1a00000| 99%| O|  |TAMS 0x00000000c19ffff0, 0x00000000c1900000| Untracked 
|  26|0x00000000c1a00000, 0x00000000c1a733e0, 0x00000000c1b00000| 45%| O|  |TAMS 0x00000000c1a00000, 0x00000000c1a00000| Untracked 
|  27|0x00000000c1b00000, 0x00000000c1b00068, 0x00000000c1c00000|  0%| O|  |TAMS 0x00000000c1b00000, 0x00000000c1b00000| Untracked 
|  28|0x00000000c1c00000, 0x00000000c1c00000, 0x00000000c1d00000|  0%| F|  |TAMS 0x00000000c1c00000, 0x00000000c1c00000| Untracked 
|  29|0x00000000c1d00000, 0x00000000c1d00000, 0x00000000c1e00000|  0%| F|  |TAMS 0x00000000c1d00000, 0x00000000c1d00000| Untracked 
|  30|0x00000000c1e00000, 0x00000000c1e00000, 0x00000000c1f00000|  0%| F|  |TAMS 0x00000000c1e00000, 0x00000000c1e00000| Untracked 
|  31|0x00000000c1f00000, 0x00000000c1f00000, 0x00000000c2000000|  0%| F|  |TAMS 0x00000000c1f00000, 0x00000000c1f00000| Untracked 
|  32|0x00000000c2000000, 0x00000000c2000000, 0x00000000c2100000|  0%| F|  |TAMS 0x00000000c2000000, 0x00000000c2000000| Untracked 
|  33|0x00000000c2100000, 0x00000000c2100000, 0x00000000c2200000|  0%| F|  |TAMS 0x00000000c2100000, 0x00000000c2100000| Untracked 
|  34|0x00000000c2200000, 0x00000000c2200000, 0x00000000c2300000|  0%| F|  |TAMS 0x00000000c2200000, 0x00000000c2200000| Untracked 
|  35|0x00000000c2300000, 0x00000000c2300000, 0x00000000c2400000|  0%| F|  |TAMS 0x00000000c2300000, 0x00000000c2300000| Untracked 
|  36|0x00000000c2400000, 0x00000000c2400000, 0x00000000c2500000|  0%| F|  |TAMS 0x00000000c2400000, 0x00000000c2400000| Untracked 
|  37|0x00000000c2500000, 0x00000000c2500000, 0x00000000c2600000|  0%| F|  |TAMS 0x00000000c2500000, 0x00000000c2500000| Untracked 
|  38|0x00000000c2600000, 0x00000000c2600000, 0x00000000c2700000|  0%| F|  |TAMS 0x00000000c2600000, 0x00000000c2600000| Untracked 
|  39|0x00000000c2700000, 0x00000000c2700000, 0x00000000c2800000|  0%| F|  |TAMS 0x00000000c2700000, 0x00000000c2700000| Untracked 
|  40|0x00000000c2800000, 0x00000000c2800000, 0x00000000c2900000|  0%| F|  |TAMS 0x00000000c2800000, 0x00000000c2800000| Untracked 
|  41|0x00000000c2900000, 0x00000000c2900000, 0x00000000c2a00000|  0%| F|  |TAMS 0x00000000c2900000, 0x00000000c2900000| Untracked 
|  42|0x00000000c2a00000, 0x00000000c2a00000, 0x00000000c2b00000|  0%| F|  |TAMS 0x00000000c2a00000, 0x00000000c2a00000| Untracked 
|  43|0x00000000c2b00000, 0x00000000c2b00000, 0x00000000c2c00000|  0%| F|  |TAMS 0x00000000c2b00000, 0x00000000c2b00000| Untracked 
|  44|0x00000000c2c00000, 0x00000000c2c00000, 0x00000000c2d00000|  0%| F|  |TAMS 0x00000000c2c00000, 0x00000000c2c00000| Untracked 
|  45|0x00000000c2d00000, 0x00000000c2d00000, 0x00000000c2e00000|  0%| F|  |TAMS 0x00000000c2d00000, 0x00000000c2d00000| Untracked 
|  46|0x00000000c2e00000, 0x00000000c2e00000, 0x00000000c2f00000|  0%| F|  |TAMS 0x00000000c2e00000, 0x00000000c2e00000| Untracked 
|  47|0x00000000c2f00000, 0x00000000c2f00000, 0x00000000c3000000|  0%| F|  |TAMS 0x00000000c2f00000, 0x00000000c2f00000| Untracked 
|  48|0x00000000c3000000, 0x00000000c3000000, 0x00000000c3100000|  0%| F|  |TAMS 0x00000000c3000000, 0x00000000c3000000| Untracked 
|  49|0x00000000c3100000, 0x00000000c3100000, 0x00000000c3200000|  0%| F|  |TAMS 0x00000000c3100000, 0x00000000c3100000| Untracked 
|  50|0x00000000c3200000, 0x00000000c3200000, 0x00000000c3300000|  0%| F|  |TAMS 0x00000000c3200000, 0x00000000c3200000| Untracked 
|  51|0x00000000c3300000, 0x00000000c3300000, 0x00000000c3400000|  0%| F|  |TAMS 0x00000000c3300000, 0x00000000c3300000| Untracked 
|  52|0x00000000c3400000, 0x00000000c3400000, 0x00000000c3500000|  0%| F|  |TAMS 0x00000000c3400000, 0x00000000c3400000| Untracked 
|  53|0x00000000c3500000, 0x00000000c3500000, 0x00000000c3600000|  0%| F|  |TAMS 0x00000000c3500000, 0x00000000c3500000| Untracked 
|  54|0x00000000c3600000, 0x00000000c3600000, 0x00000000c3700000|  0%| F|  |TAMS 0x00000000c3600000, 0x00000000c3600000| Untracked 
|  55|0x00000000c3700000, 0x00000000c3700000, 0x00000000c3800000|  0%| F|  |TAMS 0x00000000c3700000, 0x00000000c3700000| Untracked 
|  56|0x00000000c3800000, 0x00000000c3800000, 0x00000000c3900000|  0%| F|  |TAMS 0x00000000c3800000, 0x00000000c3800000| Untracked 
|  57|0x00000000c3900000, 0x00000000c3900000, 0x00000000c3a00000|  0%| F|  |TAMS 0x00000000c3900000, 0x00000000c3900000| Untracked 
|  58|0x00000000c3a00000, 0x00000000c3a00000, 0x00000000c3b00000|  0%| F|  |TAMS 0x00000000c3a00000, 0x00000000c3a00000| Untracked 
|  59|0x00000000c3b00000, 0x00000000c3b00000, 0x00000000c3c00000|  0%| F|  |TAMS 0x00000000c3b00000, 0x00000000c3b00000| Untracked 
|  60|0x00000000c3c00000, 0x00000000c3c00000, 0x00000000c3d00000|  0%| F|  |TAMS 0x00000000c3c00000, 0x00000000c3c00000| Untracked 
|  61|0x00000000c3d00000, 0x00000000c3d00000, 0x00000000c3e00000|  0%| F|  |TAMS 0x00000000c3d00000, 0x00000000c3d00000| Untracked 
|  62|0x00000000c3e00000, 0x00000000c3e00000, 0x00000000c3f00000|  0%| F|  |TAMS 0x00000000c3e00000, 0x00000000c3e00000| Untracked 
|  63|0x00000000c3f00000, 0x00000000c3f00000, 0x00000000c4000000|  0%| F|  |TAMS 0x00000000c3f00000, 0x00000000c3f00000| Untracked 
|  64|0x00000000c4000000, 0x00000000c4000000, 0x00000000c4100000|  0%| F|  |TAMS 0x00000000c4000000, 0x00000000c4000000| Untracked 
|  65|0x00000000c4100000, 0x00000000c4100000, 0x00000000c4200000|  0%| F|  |TAMS 0x00000000c4100000, 0x00000000c4100000| Untracked 
|  66|0x00000000c4200000, 0x00000000c4200000, 0x00000000c4300000|  0%| F|  |TAMS 0x00000000c4200000, 0x00000000c4200000| Untracked 
|  67|0x00000000c4300000, 0x00000000c4300000, 0x00000000c4400000|  0%| F|  |TAMS 0x00000000c4300000, 0x00000000c4300000| Untracked 
|  68|0x00000000c4400000, 0x00000000c4400000, 0x00000000c4500000|  0%| F|  |TAMS 0x00000000c4400000, 0x00000000c4400000| Untracked 
|  69|0x00000000c4500000, 0x00000000c4500000, 0x00000000c4600000|  0%| F|  |TAMS 0x00000000c4500000, 0x00000000c4500000| Untracked 
|  70|0x00000000c4600000, 0x00000000c4600000, 0x00000000c4700000|  0%| F|  |TAMS 0x00000000c4600000, 0x00000000c4600000| Untracked 
|  71|0x00000000c4700000, 0x00000000c4700000, 0x00000000c4800000|  0%| F|  |TAMS 0x00000000c4700000, 0x00000000c4700000| Untracked 
|  72|0x00000000c4800000, 0x00000000c4800000, 0x00000000c4900000|  0%| F|  |TAMS 0x00000000c4800000, 0x00000000c4800000| Untracked 
| 139|0x00000000c8b00000, 0x00000000c8c00000, 0x00000000c8c00000|100%| O|  |TAMS 0x00000000c8c00000, 0x00000000c8b00000| Untracked 
| 140|0x00000000c8c00000, 0x00000000c8d00000, 0x00000000c8d00000|100%| O|  |TAMS 0x00000000c8d00000, 0x00000000c8c00000| Untracked 
| 141|0x00000000c8d00000, 0x00000000c8e00000, 0x00000000c8e00000|100%| O|  |TAMS 0x00000000c8e00000, 0x00000000c8d00000| Untracked 
| 251|0x00000000cfb00000, 0x00000000cfb058a8, 0x00000000cfc00000|  2%| E|  |TAMS 0x00000000cfb00000, 0x00000000cfb00000| Complete 

Card table byte_map: [0x000001dfe2470000,0x000001dfe2670000] _byte_map_base: 0x000001dfe1e70000

Marking Bits (Prev, Next): (CMBitMap*) 0x000001dfdc541600, (CMBitMap*) 0x000001dfdc541640
 Prev Bits: [0x000001dfe2870000, 0x000001dfe3870000)
 Next Bits: [0x000001dfe3870000, 0x000001dfe4870000)

Polling page: 0x000001dfdbca0000

Metaspace:

Usage:
  Non-class:     47.57 MB used.
      Class:      6.97 MB used.
       Both:     54.54 MB used.

Virtual space:
  Non-class space:       64.00 MB reserved,      47.81 MB ( 75%) committed,  1 nodes.
      Class space:        1.00 GB reserved,       7.19 MB ( <1%) committed,  1 nodes.
             Both:        1.06 GB reserved,      55.00 MB (  5%) committed. 

Chunk freelists:
   Non-Class:  15.47 MB
       Class:  8.85 MB
        Both:  24.33 MB

MaxMetaspaceSize: unlimited
CompressedClassSpaceSize: 1.00 GB
Initial GC threshold: 21.00 MB
Current GC threshold: 91.69 MB
CDS: off
MetaspaceReclaimPolicy: balanced
 - commit_granule_bytes: 65536.
 - commit_granule_words: 8192.
 - virtual_space_node_default_size: 8388608.
 - enlarge_chunks_in_place: 1.
 - new_chunks_are_fully_committed: 0.
 - uncommit_free_chunks: 1.
 - use_allocation_guard: 0.
 - handle_deallocations: 1.


Internal statistics:

num_allocs_failed_limit: 6.
num_arena_births: 720.
num_arena_deaths: 252.
num_vsnodes_births: 2.
num_vsnodes_deaths: 0.
num_space_committed: 880.
num_space_uncommitted: 0.
num_chunks_returned_to_freelist: 297.
num_chunks_taken_from_freelist: 2528.
num_chunk_merges: 88.
num_chunk_splits: 1631.
num_chunks_enlarged: 1221.
num_inconsistent_stats: 0.

CodeCache: size=49152Kb used=14560Kb max_used=16074Kb free=34591Kb
 bounds [0x000001dfdf160000, 0x000001dfe0150000, 0x000001dfe2160000]
 total_blobs=8276 nmethods=7617 adapters=581
 compilation: enabled
              stopped_count=0, restarted_count=0
 full_count=0

Compilation events (20 events):
Event: 116141.071 Thread 0x000001dfe73bc550 7608       1       org.eclipse.jdt.core.dom.DefaultASTVisitor::endVisit (6 bytes)
Event: 116141.071 Thread 0x000001dfe73bc550 nmethod 7608 0x000001dfdfe4f590 code [0x000001dfdfe4f720, 0x000001dfdfe4f808]
Event: 116141.071 Thread 0x000001dfe73bc550 7605       1       org.eclipse.jdt.internal.compiler.ast.ThisReference::generateCode (34 bytes)
Event: 116141.072 Thread 0x000001dfe73bc550 nmethod 7605 0x000001dfdfe4f190 code [0x000001dfdfe4f340, 0x000001dfdfe4f498]
Event: 116141.072 Thread 0x000001dfe73bc550 7606       1       org.eclipse.jdt.core.dom.LineComment::getNodeType0 (3 bytes)
Event: 116141.072 Thread 0x000001dfe73bc550 nmethod 7606 0x000001dfdfe4ee90 code [0x000001dfdfe4f020, 0x000001dfdfe4f0f8]
Event: 118729.788 Thread 0x000001dfe73bc550 7612       1       java.math.BigDecimal::createAndStripZerosToMatchScale (70 bytes)
Event: 118729.789 Thread 0x000001dfe73bc550 nmethod 7612 0x000001dfdfe4e990 code [0x000001dfdfe4eb40, 0x000001dfdfe4ed58]
Event: 118729.855 Thread 0x000001dfe73bc550 7613       1       org.eclipse.jdt.internal.compiler.lookup.BinaryTypeBinding::getMethods (274 bytes)
Event: 118729.860 Thread 0x000001dfe73bc550 nmethod 7613 0x000001dfdfe4d910 code [0x000001dfdfe4db40, 0x000001dfdfe4e418]
Event: 118729.860 Thread 0x000001dfe73bc550 7614       1       org.eclipse.jdt.internal.compiler.ast.SingleNameReference::checkFieldAccess (301 bytes)
Event: 118729.864 Thread 0x000001dfe73bc550 nmethod 7614 0x000001dfdfe4c490 code [0x000001dfdfe4c760, 0x000001dfdfe4d1c8]
Event: 118729.864 Thread 0x000001dfe73bc550 7615       1       org.eclipse.jdt.internal.compiler.ast.AbstractMethodDeclaration::analyseArguments (226 bytes)
Event: 118729.867 Thread 0x000001dfe73bc550 nmethod 7615 0x000001dfdfe4b810 code [0x000001dfdfe4ba60, 0x000001dfdfe4bfb8]
Event: 118729.867 Thread 0x000001dfe73bc550 7617       1       org.eclipse.jdt.internal.compiler.codegen.ConstantPool::literalIndexForType (35 bytes)
Event: 118729.868 Thread 0x000001dfe73bc550 nmethod 7617 0x000001dfdfe4b390 code [0x000001dfdfe4b560, 0x000001dfdfe4b6f8]
Event: 118729.868 Thread 0x000001dfe73bc550 7616       1       org.eclipse.jdt.internal.compiler.ast.SingleNameReference::manageSyntheticAccessIfNecessary (175 bytes)
Event: 118729.872 Thread 0x000001dfe73bc550 nmethod 7616 0x000001dfdfe4a210 code [0x000001dfdfe4a480, 0x000001dfdfe4ad58]
Event: 118729.875 Thread 0x000001dfe73bc550 7618       1       org.eclipse.lsp4j.jsonrpc.messages.Either::isRight (13 bytes)
Event: 118729.876 Thread 0x000001dfe73bc550 nmethod 7618 0x000001dfdfe49f10 code [0x000001dfdfe4a0a0, 0x000001dfdfe4a178]

GC Heap History (20 events):
Event: 260815.166 GC heap before
{Heap before GC invocations=13975 (full 13944):
 garbage-first heap   total 78848K, used 30098K [0x00000000c0000000, 0x0000000100000000)
  region size 1024K, 1 young (1024K), 0 survivors (0K)
 Metaspace       used 55845K, committed 56320K, reserved 1114112K
  class space    used 7133K, committed 7360K, reserved 1048576K
}
Event: 260815.189 GC heap after
{Heap after GC invocations=13976 (full 13945):
 garbage-first heap   total 78848K, used 30098K [0x00000000c0000000, 0x0000000100000000)
  region size 1024K, 0 young (0K), 0 survivors (0K)
 Metaspace       used 55845K, committed 56320K, reserved 1114112K
  class space    used 7133K, committed 7360K, reserved 1048576K
}
Event: 260825.376 GC heap before
{Heap before GC invocations=13976 (full 13945):
 garbage-first heap   total 78848K, used 30098K [0x00000000c0000000, 0x0000000100000000)
  region size 1024K, 1 young (1024K), 0 survivors (0K)
 Metaspace       used 55845K, committed 56320K, reserved 1114112K
  class space    used 7133K, committed 7360K, reserved 1048576K
}
Event: 260825.401 GC heap after
{Heap after GC invocations=13977 (full 13946):
 garbage-first heap   total 78848K, used 30098K [0x00000000c0000000, 0x0000000100000000)
  region size 1024K, 0 young (0K), 0 survivors (0K)
 Metaspace       used 55845K, committed 56320K, reserved 1114112K
  class space    used 7133K, committed 7360K, reserved 1048576K
}
Event: 260835.587 GC heap before
{Heap before GC invocations=13977 (full 13946):
 garbage-first heap   total 78848K, used 30098K [0x00000000c0000000, 0x0000000100000000)
  region size 1024K, 1 young (1024K), 0 survivors (0K)
 Metaspace       used 55845K, committed 56320K, reserved 1114112K
  class space    used 7133K, committed 7360K, reserved 1048576K
}
Event: 260835.616 GC heap after
{Heap after GC invocations=13978 (full 13947):
 garbage-first heap   total 78848K, used 30098K [0x00000000c0000000, 0x0000000100000000)
  region size 1024K, 0 young (0K), 0 survivors (0K)
 Metaspace       used 55845K, committed 56320K, reserved 1114112K
  class space    used 7133K, committed 7360K, reserved 1048576K
}
Event: 260845.787 GC heap before
{Heap before GC invocations=13978 (full 13947):
 garbage-first heap   total 78848K, used 30098K [0x00000000c0000000, 0x0000000100000000)
  region size 1024K, 1 young (1024K), 0 survivors (0K)
 Metaspace       used 55845K, committed 56320K, reserved 1114112K
  class space    used 7133K, committed 7360K, reserved 1048576K
}
Event: 260845.810 GC heap after
{Heap after GC invocations=13979 (full 13948):
 garbage-first heap   total 78848K, used 30098K [0x00000000c0000000, 0x0000000100000000)
  region size 1024K, 0 young (0K), 0 survivors (0K)
 Metaspace       used 55845K, committed 56320K, reserved 1114112K
  class space    used 7133K, committed 7360K, reserved 1048576K
}
Event: 260856.002 GC heap before
{Heap before GC invocations=13979 (full 13948):
 garbage-first heap   total 78848K, used 30098K [0x00000000c0000000, 0x0000000100000000)
  region size 1024K, 1 young (1024K), 0 survivors (0K)
 Metaspace       used 55845K, committed 56320K, reserved 1114112K
  class space    used 7133K, committed 7360K, reserved 1048576K
}
Event: 260856.027 GC heap after
{Heap after GC invocations=13980 (full 13949):
 garbage-first heap   total 78848K, used 30098K [0x00000000c0000000, 0x0000000100000000)
  region size 1024K, 0 young (0K), 0 survivors (0K)
 Metaspace       used 55845K, committed 56320K, reserved 1114112K
  class space    used 7133K, committed 7360K, reserved 1048576K
}
Event: 260866.192 GC heap before
{Heap before GC invocations=13980 (full 13949):
 garbage-first heap   total 78848K, used 30098K [0x00000000c0000000, 0x0000000100000000)
  region size 1024K, 1 young (1024K), 0 survivors (0K)
 Metaspace       used 55845K, committed 56320K, reserved 1114112K
  class space    used 7133K, committed 7360K, reserved 1048576K
}
Event: 260866.216 GC heap after
{Heap after GC invocations=13981 (full 13950):
 garbage-first heap   total 78848K, used 30098K [0x00000000c0000000, 0x0000000100000000)
  region size 1024K, 0 young (0K), 0 survivors (0K)
 Metaspace       used 55845K, committed 56320K, reserved 1114112K
  class space    used 7133K, committed 7360K, reserved 1048576K
}
Event: 260876.387 GC heap before
{Heap before GC invocations=13981 (full 13950):
 garbage-first heap   total 78848K, used 30098K [0x00000000c0000000, 0x0000000100000000)
  region size 1024K, 1 young (1024K), 0 survivors (0K)
 Metaspace       used 55845K, committed 56320K, reserved 1114112K
  class space    used 7133K, committed 7360K, reserved 1048576K
}
Event: 260876.410 GC heap after
{Heap after GC invocations=13982 (full 13951):
 garbage-first heap   total 78848K, used 30098K [0x00000000c0000000, 0x0000000100000000)
  region size 1024K, 0 young (0K), 0 survivors (0K)
 Metaspace       used 55845K, committed 56320K, reserved 1114112K
  class space    used 7133K, committed 7360K, reserved 1048576K
}
Event: 260886.586 GC heap before
{Heap before GC invocations=13982 (full 13951):
 garbage-first heap   total 78848K, used 30098K [0x00000000c0000000, 0x0000000100000000)
  region size 1024K, 1 young (1024K), 0 survivors (0K)
 Metaspace       used 55845K, committed 56320K, reserved 1114112K
  class space    used 7133K, committed 7360K, reserved 1048576K
}
Event: 260886.609 GC heap after
{Heap after GC invocations=13983 (full 13952):
 garbage-first heap   total 78848K, used 30098K [0x00000000c0000000, 0x0000000100000000)
  region size 1024K, 0 young (0K), 0 survivors (0K)
 Metaspace       used 55845K, committed 56320K, reserved 1114112K
  class space    used 7133K, committed 7360K, reserved 1048576K
}
Event: 260896.794 GC heap before
{Heap before GC invocations=13983 (full 13952):
 garbage-first heap   total 78848K, used 30098K [0x00000000c0000000, 0x0000000100000000)
  region size 1024K, 1 young (1024K), 0 survivors (0K)
 Metaspace       used 55845K, committed 56320K, reserved 1114112K
  class space    used 7133K, committed 7360K, reserved 1048576K
}
Event: 260896.819 GC heap after
{Heap after GC invocations=13984 (full 13953):
 garbage-first heap   total 78848K, used 30098K [0x00000000c0000000, 0x0000000100000000)
  region size 1024K, 0 young (0K), 0 survivors (0K)
 Metaspace       used 55845K, committed 56320K, reserved 1114112K
  class space    used 7133K, committed 7360K, reserved 1048576K
}
Event: 260907.010 GC heap before
{Heap before GC invocations=13984 (full 13953):
 garbage-first heap   total 78848K, used 30098K [0x00000000c0000000, 0x0000000100000000)
  region size 1024K, 1 young (1024K), 0 survivors (0K)
 Metaspace       used 55845K, committed 56320K, reserved 1114112K
  class space    used 7133K, committed 7360K, reserved 1048576K
}
Event: 260907.034 GC heap after
{Heap after GC invocations=13985 (full 13954):
 garbage-first heap   total 78848K, used 30098K [0x00000000c0000000, 0x0000000100000000)
  region size 1024K, 0 young (0K), 0 survivors (0K)
 Metaspace       used 55845K, committed 56320K, reserved 1114112K
  class space    used 7133K, committed 7360K, reserved 1048576K
}

Dll operation events (9 events):
Event: 0.015 Loaded shared library c:\Users\8106550T\.vscode\extensions\redhat.java-1.22.1-win32-x64\jre\17.0.8.1-win32-x86_64\bin\java.dll
Event: 0.363 Loaded shared library C:\Users\8106550T\.vscode\extensions\redhat.java-1.22.1-win32-x64\jre\17.0.8.1-win32-x86_64\bin\net.dll
Event: 0.367 Loaded shared library C:\Users\8106550T\.vscode\extensions\redhat.java-1.22.1-win32-x64\jre\17.0.8.1-win32-x86_64\bin\nio.dll
Event: 0.377 Loaded shared library C:\Users\8106550T\.vscode\extensions\redhat.java-1.22.1-win32-x64\jre\17.0.8.1-win32-x86_64\bin\zip.dll
Event: 1.143 Loaded shared library C:\Users\8106550T\.vscode\extensions\redhat.java-1.22.1-win32-x64\jre\17.0.8.1-win32-x86_64\bin\jimage.dll
Event: 4.965 Loaded shared library c:\Users\8106550T\.vscode\extensions\redhat.java-1.22.1-win32-x64\jre\17.0.8.1-win32-x86_64\bin\verify.dll
Event: 5.330 Loaded shared library C:\Users\8106550T\.vscode\extensions\redhat.java-1.22.1-win32-x64\jre\17.0.8.1-win32-x86_64\bin\management.dll
Event: 5.334 Loaded shared library C:\Users\8106550T\.vscode\extensions\redhat.java-1.22.1-win32-x64\jre\17.0.8.1-win32-x86_64\bin\management_ext.dll
Event: 6.260 Loaded shared library C:\Users\8106550T\.vscode\extensions\redhat.java-1.22.1-win32-x64\jre\17.0.8.1-win32-x86_64\bin\sunmscapi.dll

Deoptimization events (20 events):
Event: 106358.768 Thread 0x000001dfec74f830 DEOPT PACKING pc=0x000001dfdfbb034c sp=0x00000061388fe200
Event: 106358.768 Thread 0x000001dfec74f830 DEOPT UNPACKING pc=0x000001dfdf1bace3 sp=0x00000061388fd6e0 mode 0
Event: 106358.768 Thread 0x000001dfec74f830 DEOPT PACKING pc=0x000001dfdf9ddb0c sp=0x00000061388fe330
Event: 106358.768 Thread 0x000001dfec74f830 DEOPT UNPACKING pc=0x000001dfdf1bace3 sp=0x00000061388fd898 mode 0
Event: 106358.768 Thread 0x000001dfec74f830 DEOPT PACKING pc=0x000001dfdfbb034c sp=0x00000061388fe460
Event: 106358.769 Thread 0x000001dfec74f830 DEOPT UNPACKING pc=0x000001dfdf1bace3 sp=0x00000061388fd958 mode 0
Event: 106358.850 Thread 0x000001dfec74f830 DEOPT PACKING pc=0x000001dfdf9ddb0c sp=0x00000061388fe7d0
Event: 106358.850 Thread 0x000001dfec74f830 DEOPT UNPACKING pc=0x000001dfdf1bace3 sp=0x00000061388fdd38 mode 0
Event: 106358.850 Thread 0x000001dfec74f830 DEOPT PACKING pc=0x000001dfdfbb034c sp=0x00000061388fe900
Event: 106358.850 Thread 0x000001dfec74f830 DEOPT UNPACKING pc=0x000001dfdf1bace3 sp=0x00000061388fddf8 mode 0
Event: 106366.278 Thread 0x000001dfedb185a0 DEOPT PACKING pc=0x000001dfdfcc62cf sp=0x00000061372fd180
Event: 106366.278 Thread 0x000001dfedb185a0 DEOPT UNPACKING pc=0x000001dfdf1bace3 sp=0x00000061372fc670 mode 3
Event: 107972.943 Thread 0x000001dfedb17b80 DEOPT PACKING pc=0x000001dfdf305ca0 sp=0x00000061360fdf90
Event: 107972.943 Thread 0x000001dfedb17b80 DEOPT UNPACKING pc=0x000001dfdf1bace3 sp=0x00000061360fd410 mode 3
Event: 107972.943 Thread 0x000001dfedb16c50 DEOPT PACKING pc=0x000001dfdf305ca0 sp=0x0000006135ffd280
Event: 107972.943 Thread 0x000001dfedb16c50 DEOPT UNPACKING pc=0x000001dfdf1bace3 sp=0x0000006135ffc700 mode 3
Event: 107972.945 Thread 0x000001dfedb17b80 DEOPT PACKING pc=0x000001dfdf2ffa36 sp=0x00000061360fd3b0
Event: 107972.945 Thread 0x000001dfedb17b80 DEOPT UNPACKING pc=0x000001dfdf1bace3 sp=0x00000061360fc8a8 mode 3
Event: 107977.330 Thread 0x000001dfedb12060 DEOPT PACKING pc=0x000001dfdfff6615 sp=0x00000061372fe0e0
Event: 107977.330 Thread 0x000001dfedb12060 DEOPT UNPACKING pc=0x000001dfdf1bace3 sp=0x00000061372fd5f0 mode 3

Classes unloaded (20 events):
Event: 108070.374 Thread 0x000001dfe735f0c0 Unloading class 0x000000010039b400 'java/lang/invoke/LambdaForm$MH+0x000000010039b400'
Event: 108070.374 Thread 0x000001dfe735f0c0 Unloading class 0x000000010039c400 'java/lang/invoke/LambdaForm$MH+0x000000010039c400'
Event: 108070.374 Thread 0x000001dfe735f0c0 Unloading class 0x000000010039cc00 'java/lang/invoke/LambdaForm$MH+0x000000010039cc00'
Event: 108070.374 Thread 0x000001dfe735f0c0 Unloading class 0x000000010039d400 'java/lang/invoke/LambdaForm$MH+0x000000010039d400'
Event: 108070.374 Thread 0x000001dfe735f0c0 Unloading class 0x00000001003a1c00 'java/lang/invoke/LambdaForm$MH+0x00000001003a1c00'
Event: 108070.374 Thread 0x000001dfe735f0c0 Unloading class 0x00000001003a2c00 'java/lang/invoke/LambdaForm$MH+0x00000001003a2c00'
Event: 108070.374 Thread 0x000001dfe735f0c0 Unloading class 0x00000001003a8400 'java/lang/invoke/LambdaForm$MH+0x00000001003a8400'
Event: 108070.374 Thread 0x000001dfe735f0c0 Unloading class 0x00000001003a9800 'java/lang/invoke/LambdaForm$MH+0x00000001003a9800'
Event: 108070.374 Thread 0x000001dfe735f0c0 Unloading class 0x00000001003b0800 'java/lang/invoke/LambdaForm$MH+0x00000001003b0800'
Event: 108070.374 Thread 0x000001dfe735f0c0 Unloading class 0x00000001003c4000 'java/lang/invoke/LambdaForm$MH+0x00000001003c4000'
Event: 108070.374 Thread 0x000001dfe735f0c0 Unloading class 0x00000001003c4800 'java/lang/invoke/LambdaForm$MH+0x00000001003c4800'
Event: 108070.374 Thread 0x000001dfe735f0c0 Unloading class 0x0000000100404400 'java/lang/invoke/LambdaForm$MH+0x0000000100404400'
Event: 108070.374 Thread 0x000001dfe735f0c0 Unloading class 0x0000000100408000 'java/lang/invoke/LambdaForm$MH+0x0000000100408000'
Event: 108112.199 Thread 0x000001dfe735f0c0 Unloading class 0x0000000100620000 'java/lang/invoke/LambdaForm$MH+0x0000000100620000'
Event: 108112.199 Thread 0x000001dfe735f0c0 Unloading class 0x0000000100088400 'java/lang/invoke/LambdaForm$MH+0x0000000100088400'
Event: 108112.199 Thread 0x000001dfe735f0c0 Unloading class 0x0000000100088c00 'java/lang/invoke/LambdaForm$MH+0x0000000100088c00'
Event: 108180.850 Thread 0x000001dfe735f0c0 Unloading class 0x000000010039cc00 'java/lang/invoke/LambdaForm$MH+0x000000010039cc00'
Event: 108180.850 Thread 0x000001dfe735f0c0 Unloading class 0x000000010039c400 'java/lang/invoke/LambdaForm$MH+0x000000010039c400'
Event: 108180.850 Thread 0x000001dfe735f0c0 Unloading class 0x000000010039b400 'java/lang/invoke/LambdaForm$MH+0x000000010039b400'
Event: 108180.850 Thread 0x000001dfe735f0c0 Unloading class 0x000000010039a000 'java/lang/invoke/LambdaForm$MH+0x000000010039a000'

Classes redefined (0 events):
No events

Internal exceptions (20 events):
Event: 5.743 Thread 0x000001dfec74f830 Exception <a 'sun/nio/fs/WindowsException'{0x00000000c2da30b8}> (0x00000000c2da30b8) 
thrown [s\src\hotspot\share\prims\jni.cpp, line 516]
Event: 5.872 Thread 0x000001dfec74fd40 Exception <a 'java/lang/NoSuchMethodError'{0x00000000c228e8a0}: 'java.lang.Object java.lang.invoke.Invokers$Holder.invoke_MT(java.lang.Object, java.lang.Object, java.lang.Object)'> (0x00000000c228e8a0) 
thrown [s\src\hotspot\share\interpreter\linkResolver.cpp, line 759]
Event: 6.151 Thread 0x000001dfec74fd40 Exception <a 'java/lang/IncompatibleClassChangeError'{0x00000000c3510fb8}: Found class java.lang.Object, but interface was expected> (0x00000000c3510fb8) 
thrown [s\src\hotspot\share\interpreter\linkResolver.cpp, line 826]
Event: 6.151 Thread 0x000001dfec74c590 Exception <a 'java/lang/IncompatibleClassChangeError'{0x00000000c3740730}: Found class java.lang.Object, but interface was expected> (0x00000000c3740730) 
thrown [s\src\hotspot\share\interpreter\linkResolver.cpp, line 826]
Event: 6.183 Thread 0x000001dfec74e3f0 Exception <a 'java/lang/NoSuchMethodError'{0x00000000c41dadf8}: 'java.lang.Object java.lang.invoke.DirectMethodHandle$Holder.newInvokeSpecial(java.lang.Object, java.lang.Object, java.lang.Object, java.lang.Object, java.lang.Object, long)'> (0x00000000c41dadf8) 
thrown [s\src\hotspot\share\interpreter\linkResolver.cpp, line 759]
Event: 6.185 Thread 0x000001dfec74e3f0 Exception <a 'java/lang/NoSuchMethodError'{0x00000000c41df468}: 'java.lang.Object java.lang.invoke.DirectMethodHandle$Holder.invokeSpecial(java.lang.Object, java.lang.Object, java.lang.Object, java.lang.Object, java.lang.Object, java.lang.Object, long)'> (0x00000000c41df468) 
thrown [s\src\hotspot\share\interpreter\linkResolver.cpp, line 759]
Event: 6.195 Thread 0x000001dfec74c590 Exception <a 'java/lang/NoSuchMethodError'{0x00000000c3f97318}: 'int java.lang.invoke.DirectMethodHandle$Holder.invokeSpecialIFC(java.lang.Object, java.lang.Object, java.lang.Object)'> (0x00000000c3f97318) 
thrown [s\src\hotspot\share\interpreter\linkResolver.cpp, line 759]
Event: 6.195 Thread 0x000001dfec74fd40 Exception <a 'java/lang/NoSuchMethodError'{0x00000000c3f707d0}: 'int java.lang.invoke.DirectMethodHandle$Holder.invokeSpecialIFC(java.lang.Object, java.lang.Object, java.lang.Object)'> (0x00000000c3f707d0) 
thrown [s\src\hotspot\share\interpreter\linkResolver.cpp, line 759]
Event: 6.197 Thread 0x000001dfedb143d0 Exception <a 'java/lang/NoSuchMethodError'{0x00000000c3fcc3b8}: 'void java.lang.invoke.DirectMethodHandle$Holder.invokeVirtual(java.lang.Object, java.lang.Object, java.lang.Object, java.lang.Object)'> (0x00000000c3fcc3b8) 
thrown [s\src\hotspot\share\interpreter\linkResolver.cpp, line 759]
Event: 6.243 Thread 0x000001dfec74c590 Implicit null exception at 0x000001dfdfaf7544 to 0x000001dfdfaf7769
Event: 6.278 Thread 0x000001dfec74c590 Exception <a 'java/lang/NoSuchMethodError'{0x00000000c36aa528}: 'int java.lang.invoke.DirectMethodHandle$Holder.invokeStatic(java.lang.Object, int, java.lang.Object)'> (0x00000000c36aa528) 
thrown [s\src\hotspot\share\interpreter\linkResolver.cpp, line 759]
Event: 6.278 Thread 0x000001dfec74fd40 Exception <a 'java/lang/NoSuchMethodError'{0x00000000c3640830}: 'int java.lang.invoke.DirectMethodHandle$Holder.invokeStatic(java.lang.Object, int, java.lang.Object)'> (0x00000000c3640830) 
thrown [s\src\hotspot\share\interpreter\linkResolver.cpp, line 759]
Event: 6.308 Thread 0x000001dfedb143d0 Exception <a 'sun/nio/fs/WindowsException'{0x00000000c35b64f0}> (0x00000000c35b64f0) 
thrown [s\src\hotspot\share\prims\jni.cpp, line 516]
Event: 55.393 Thread 0x000001dfed3ccd60 Exception <a 'java/lang/NoSuchMethodError'{0x00000000c45c5c70}: 'void java.lang.invoke.DirectMethodHandle$Holder.invokeStatic(java.lang.Object, long)'> (0x00000000c45c5c70) 
thrown [s\src\hotspot\share\interpreter\linkResolver.cpp, line 759]
Event: 55.394 Thread 0x000001dfed3ccd60 Exception <a 'java/lang/NoSuchMethodError'{0x00000000c45cb020}: 'java.lang.Object java.lang.invoke.DirectMethodHandle$Holder.newInvokeSpecial(java.lang.Object, long)'> (0x00000000c45cb020) 
thrown [s\src\hotspot\share\interpreter\linkResolver.cpp, line 759]
Event: 106366.278 Thread 0x000001dfedb185a0 Implicit null exception at 0x000001dfdfcc5d10 to 0x000001dfdfcc62ca
Event: 107972.943 Thread 0x000001dfedb17b80 Implicit null exception at 0x000001dfdf305a5a to 0x000001dfdf305c9b
Event: 107972.943 Thread 0x000001dfedb16c50 Implicit null exception at 0x000001dfdf305a5a to 0x000001dfdf305c9b
Event: 107972.945 Thread 0x000001dfedb17b80 Implicit null exception at 0x000001dfdf2feee2 to 0x000001dfdf2ffa31
Event: 107977.329 Thread 0x000001dfedb12060 Implicit null exception at 0x000001dfdfff5da5 to 0x000001dfdfff6610

VM Operations (20 events):
Event: 260815.189 Executing VM operation: G1CollectFull done
Event: 260825.376 Executing VM operation: G1CollectFull
Event: 260825.401 Executing VM operation: G1CollectFull done
Event: 260835.587 Executing VM operation: G1CollectFull
Event: 260835.616 Executing VM operation: G1CollectFull done
Event: 260845.787 Executing VM operation: G1CollectFull
Event: 260845.810 Executing VM operation: G1CollectFull done
Event: 260856.002 Executing VM operation: G1CollectFull
Event: 260856.027 Executing VM operation: G1CollectFull done
Event: 260866.192 Executing VM operation: G1CollectFull
Event: 260866.216 Executing VM operation: G1CollectFull done
Event: 260876.387 Executing VM operation: G1CollectFull
Event: 260876.410 Executing VM operation: G1CollectFull done
Event: 260886.586 Executing VM operation: G1CollectFull
Event: 260886.609 Executing VM operation: G1CollectFull done
Event: 260896.794 Executing VM operation: G1CollectFull
Event: 260896.819 Executing VM operation: G1CollectFull done
Event: 260907.010 Executing VM operation: G1CollectFull
Event: 260907.034 Executing VM operation: G1CollectFull done
Event: 260917.122 Executing VM operation: G1CollectFull

Events (20 events):
Event: 113767.586 Thread 0x000001dfedb17b80 Thread added: 0x000001dfedb17b80
Event: 113767.590 Thread 0x000001dfedb15d20 Thread added: 0x000001dfedb15d20
Event: 113767.600 Thread 0x000001dfedb15810 Thread added: 0x000001dfedb15810
Event: 113828.792 Thread 0x000001dfedb17b80 Thread exited: 0x000001dfedb17b80
Event: 113828.807 Thread 0x000001dfedb15810 Thread exited: 0x000001dfedb15810
Event: 113828.838 Thread 0x000001dfedb15d20 Thread exited: 0x000001dfedb15d20
Event: 116050.051 Thread 0x000001dfedb16740 Thread added: 0x000001dfedb16740
Event: 116050.061 Thread 0x000001dfedb13ec0 Thread added: 0x000001dfedb13ec0
Event: 116050.171 Thread 0x000001dfeda48e90 Thread added: 0x000001dfeda48e90
Event: 116055.184 Thread 0x000001dfeda48e90 Thread exited: 0x000001dfeda48e90
Event: 116110.182 Thread 0x000001dfedb13ec0 Thread exited: 0x000001dfedb13ec0
Event: 116110.182 Thread 0x000001dfedb16740 Thread exited: 0x000001dfedb16740
Event: 116141.008 Thread 0x000001dfedb15300 Thread added: 0x000001dfedb15300
Event: 116141.017 Thread 0x000001dfedb143d0 Thread added: 0x000001dfedb143d0
Event: 116201.061 Thread 0x000001dfedb15300 Thread exited: 0x000001dfedb15300
Event: 116201.061 Thread 0x000001dfedb143d0 Thread exited: 0x000001dfedb143d0
Event: 118729.784 Thread 0x000001dfedb185a0 Thread added: 0x000001dfedb185a0
Event: 118729.788 Thread 0x000001dfedb18ab0 Thread added: 0x000001dfedb18ab0
Event: 118789.880 Thread 0x000001dfedb185a0 Thread exited: 0x000001dfedb185a0
Event: 118789.880 Thread 0x000001dfedb18ab0 Thread exited: 0x000001dfedb18ab0


Dynamic libraries:
0x00007ff7a5740000 - 0x00007ff7a574e000 	c:\Users\8106550T\.vscode\extensions\redhat.java-1.22.1-win32-x64\jre\17.0.8.1-win32-x86_64\bin\java.exe
0x00007ffd89510000 - 0x00007ffd89724000 	C:\WINDOWS\SYSTEM32\ntdll.dll
0x00007ffd87970000 - 0x00007ffd87a34000 	C:\WINDOWS\System32\KERNEL32.DLL
0x00007ffd86d50000 - 0x00007ffd870f4000 	C:\WINDOWS\System32\KERNELBASE.dll
0x00007ffd83490000 - 0x00007ffd83527000 	C:\WINDOWS\SYSTEM32\apphelp.dll
0x00007ffd868c0000 - 0x00007ffd869d1000 	C:\WINDOWS\System32\ucrtbase.dll
0x00007ffd63d80000 - 0x00007ffd63d97000 	c:\Users\8106550T\.vscode\extensions\redhat.java-1.22.1-win32-x64\jre\17.0.8.1-win32-x86_64\bin\jli.dll
0x00007ffd65190000 - 0x00007ffd651a9000 	c:\Users\8106550T\.vscode\extensions\redhat.java-1.22.1-win32-x64\jre\17.0.8.1-win32-x86_64\bin\VCRUNTIME140.dll
0x00007ffd76df0000 - 0x00007ffd77083000 	C:\WINDOWS\WinSxS\amd64_microsoft.windows.common-controls_6595b64144ccf1df_6.0.22621.2215_none_270d72677387dfc3\COMCTL32.dll
0x00007ffd87840000 - 0x00007ffd878e7000 	C:\WINDOWS\System32\msvcrt.dll
0x00007ffd894a0000 - 0x00007ffd894c9000 	C:\WINDOWS\System32\GDI32.dll
0x00007ffd87270000 - 0x00007ffd87296000 	C:\WINDOWS\System32\win32u.dll
0x00007ffd869e0000 - 0x00007ffd86af8000 	C:\WINDOWS\System32\gdi32full.dll
0x00007ffd892f0000 - 0x00007ffd8949e000 	C:\WINDOWS\System32\USER32.dll
0x00007ffd86cb0000 - 0x00007ffd86d4a000 	C:\WINDOWS\System32\msvcp_win.dll
0x00007ffd89090000 - 0x00007ffd890c1000 	C:\WINDOWS\System32\IMM32.DLL
0x00007ffd6dec0000 - 0x00007ffd6decc000 	c:\Users\8106550T\.vscode\extensions\redhat.java-1.22.1-win32-x64\jre\17.0.8.1-win32-x86_64\bin\vcruntime140_1.dll
0x00007ffd469b0000 - 0x00007ffd46a41000 	c:\Users\8106550T\.vscode\extensions\redhat.java-1.22.1-win32-x64\jre\17.0.8.1-win32-x86_64\bin\msvcp140.dll
0x00007ffd29910000 - 0x00007ffd2a55c000 	c:\Users\8106550T\.vscode\extensions\redhat.java-1.22.1-win32-x64\jre\17.0.8.1-win32-x86_64\bin\server\jvm.dll
0x00007ffd872a0000 - 0x00007ffd87350000 	C:\WINDOWS\System32\ADVAPI32.dll
0x00007ffd89240000 - 0x00007ffd892e6000 	C:\WINDOWS\System32\sechost.dll
0x00007ffd89120000 - 0x00007ffd89237000 	C:\WINDOWS\System32\RPCRT4.dll
0x00007ffd85640000 - 0x00007ffd8568d000 	C:\WINDOWS\SYSTEM32\POWRPROF.dll
0x00007ffd7e7d0000 - 0x00007ffd7e7d9000 	C:\WINDOWS\SYSTEM32\WSOCK32.dll
0x00007ffd78cf0000 - 0x00007ffd78d24000 	C:\WINDOWS\SYSTEM32\WINMM.dll
0x00007ffd87a60000 - 0x00007ffd87ad1000 	C:\WINDOWS\System32\WS2_32.dll
0x00007ffd774e0000 - 0x00007ffd774ea000 	C:\WINDOWS\SYSTEM32\VERSION.dll
0x00007ffd85620000 - 0x00007ffd85633000 	C:\WINDOWS\SYSTEM32\UMPDC.dll
0x00007ffd85880000 - 0x00007ffd85898000 	C:\WINDOWS\SYSTEM32\kernel.appcore.dll
0x00007ffd67e60000 - 0x00007ffd67e6a000 	c:\Users\8106550T\.vscode\extensions\redhat.java-1.22.1-win32-x64\jre\17.0.8.1-win32-x86_64\bin\jimage.dll
0x00007ffd838f0000 - 0x00007ffd83b1e000 	C:\WINDOWS\SYSTEM32\DBGHELP.DLL
0x00007ffd88880000 - 0x00007ffd88c0a000 	C:\WINDOWS\System32\combase.dll
0x00007ffd873b0000 - 0x00007ffd87487000 	C:\WINDOWS\System32\OLEAUT32.dll
0x00007ffd7e790000 - 0x00007ffd7e7c2000 	C:\WINDOWS\SYSTEM32\dbgcore.DLL
0x00007ffd86b00000 - 0x00007ffd86b7a000 	C:\WINDOWS\System32\bcryptPrimitives.dll
0x00007ffd46980000 - 0x00007ffd469a5000 	c:\Users\8106550T\.vscode\extensions\redhat.java-1.22.1-win32-x64\jre\17.0.8.1-win32-x86_64\bin\java.dll
0x00007ffd51b30000 - 0x00007ffd51b48000 	c:\Users\8106550T\.vscode\extensions\redhat.java-1.22.1-win32-x64\jre\17.0.8.1-win32-x86_64\bin\zip.dll
0x00007ffd87df0000 - 0x00007ffd88613000 	C:\WINDOWS\System32\SHELL32.dll
0x00007ffd84540000 - 0x00007ffd84e2a000 	C:\WINDOWS\SYSTEM32\windows.storage.dll
0x00007ffd84400000 - 0x00007ffd8453e000 	C:\WINDOWS\SYSTEM32\wintypes.dll
0x00007ffd87540000 - 0x00007ffd87633000 	C:\WINDOWS\System32\SHCORE.dll
0x00007ffd87350000 - 0x00007ffd873ae000 	C:\WINDOWS\System32\shlwapi.dll
0x00007ffd867f0000 - 0x00007ffd86816000 	C:\WINDOWS\SYSTEM32\profapi.dll
0x00007ffd46960000 - 0x00007ffd46979000 	C:\Users\8106550T\.vscode\extensions\redhat.java-1.22.1-win32-x64\jre\17.0.8.1-win32-x86_64\bin\net.dll
0x00007ffd858f0000 - 0x00007ffd85a27000 	C:\WINDOWS\SYSTEM32\WINHTTP.dll
0x00007ffd85e80000 - 0x00007ffd85ee9000 	C:\WINDOWS\system32\mswsock.dll
0x00007ffd46940000 - 0x00007ffd46955000 	C:\Users\8106550T\.vscode\extensions\redhat.java-1.22.1-win32-x64\jre\17.0.8.1-win32-x86_64\bin\nio.dll
0x00007ffd86120000 - 0x00007ffd8613b000 	C:\WINDOWS\SYSTEM32\CRYPTSP.dll
0x00007ffd85840000 - 0x00007ffd85875000 	C:\WINDOWS\system32\rsaenh.dll
0x00007ffd85f20000 - 0x00007ffd85f4c000 	C:\WINDOWS\SYSTEM32\USERENV.dll
0x00007ffd86240000 - 0x00007ffd86268000 	C:\WINDOWS\SYSTEM32\bcrypt.dll
0x00007ffd86100000 - 0x00007ffd8610c000 	C:\WINDOWS\SYSTEM32\CRYPTBASE.dll
0x00007ffd85080000 - 0x00007ffd850ad000 	C:\WINDOWS\SYSTEM32\IPHLPAPI.DLL
0x00007ffd87ae0000 - 0x00007ffd87ae9000 	C:\WINDOWS\System32\NSI.dll
0x00007ffd7e5c0000 - 0x00007ffd7e5d9000 	C:\WINDOWS\SYSTEM32\dhcpcsvc6.DLL
0x00007ffd7e5a0000 - 0x00007ffd7e5bf000 	C:\WINDOWS\SYSTEM32\dhcpcsvc.DLL
0x00007ffd850b0000 - 0x00007ffd851a2000 	C:\WINDOWS\SYSTEM32\DNSAPI.dll
0x00007ffd65d00000 - 0x00007ffd65d10000 	c:\Users\8106550T\.vscode\extensions\redhat.java-1.22.1-win32-x64\jre\17.0.8.1-win32-x86_64\bin\verify.dll
0x00007ffd65aa0000 - 0x00007ffd65aa9000 	C:\Users\8106550T\.vscode\extensions\redhat.java-1.22.1-win32-x64\jre\17.0.8.1-win32-x86_64\bin\management.dll
0x00007ffd65780000 - 0x00007ffd6578b000 	C:\Users\8106550T\.vscode\extensions\redhat.java-1.22.1-win32-x64\jre\17.0.8.1-win32-x86_64\bin\management_ext.dll
0x00007ffd87a40000 - 0x00007ffd87a48000 	C:\WINDOWS\System32\PSAPI.DLL
0x00007ffd65bb0000 - 0x00007ffd65bbe000 	C:\Users\8106550T\.vscode\extensions\redhat.java-1.22.1-win32-x64\jre\17.0.8.1-win32-x86_64\bin\sunmscapi.dll
0x00007ffd87100000 - 0x00007ffd87266000 	C:\WINDOWS\System32\CRYPT32.dll
0x00007ffd86210000 - 0x00007ffd8623e000 	C:\WINDOWS\SYSTEM32\ncrypt.dll
0x00007ffd861d0000 - 0x00007ffd86207000 	C:\WINDOWS\SYSTEM32\NTASN1.dll
0x00007ffd7a740000 - 0x00007ffd7a74a000 	C:\Windows\System32\rasadhlp.dll
0x00007ffd7c740000 - 0x00007ffd7c7c4000 	C:\WINDOWS\System32\fwpuclnt.dll

dbghelp: loaded successfully - version: 4.0.5 - missing functions: none
symbol engine: initialized successfully - sym options: 0x614 - pdb path: .;c:\Users\8106550T\.vscode\extensions\redhat.java-1.22.1-win32-x64\jre\17.0.8.1-win32-x86_64\bin;C:\WINDOWS\SYSTEM32;C:\WINDOWS\WinSxS\amd64_microsoft.windows.common-controls_6595b64144ccf1df_6.0.22621.2215_none_270d72677387dfc3;c:\Users\8106550T\.vscode\extensions\redhat.java-1.22.1-win32-x64\jre\17.0.8.1-win32-x86_64\bin\server

VM Arguments:
jvm_args: -XX:+HeapDumpOnOutOfMemoryError -Xmx1024m -Dsts.lsp.client=vscode -Dsts.log.file=/dev/null -XX:TieredStopAtLevel=1 -Xlog:jni+resolve=off -Dspring.config.location=file:c:\Users\8106550T\.vscode\extensions\vmware.vscode-spring-boot-1.49.0\language-server\BOOT-INF\classes\application.properties 
java_command: org.springframework.ide.vscode.boot.app.BootLanguageServerBootApp
java_class_path (initial): c:\Users\8106550T\.vscode\extensions\vmware.vscode-spring-boot-1.49.0\language-server\BOOT-INF\classes;c:\Users\8106550T\.vscode\extensions\vmware.vscode-spring-boot-1.49.0\language-server\BOOT-INF\lib\annotations-24.0.1.jar;c:\Users\8106550T\.vscode\extensions\vmware.vscode-spring-boot-1.49.0\language-server\BOOT-INF\lib\antlr-runtime-3.5.3.jar;c:\Users\8106550T\.vscode\extensions\vmware.vscode-spring-boot-1.49.0\language-server\BOOT-INF\lib\antlr4-4.11.1.jar;c:\Users\8106550T\.vscode\extensions\vmware.vscode-spring-boot-1.49.0\language-server\BOOT-INF\lib\antlr4-runtime-4.11.1.jar;c:\Users\8106550T\.vscode\extensions\vmware.vscode-spring-boot-1.49.0\language-server\BOOT-INF\lib\archunit-1.1.0.jar;c:\Users\8106550T\.vscode\extensions\vmware.vscode-spring-boot-1.49.0\language-server\BOOT-INF\lib\asm-9.5.jar;c:\Users\8106550T\.vscode\extensions\vmware.vscode-spring-boot-1.49.0\language-server\BOOT-INF\lib\asm-analysis-9.5.jar;c:\Users\8106550T\.vscode\extensions\vmware.vscode-spring-boot-1.49.0\language-server\BOOT-INF\lib\asm-tree-9.5.jar;c:\Users\8106550T\.vscode\extensions\vmware.vscode-spring-boot-1.49.0\language-server\BOOT-INF\lib\asm-util-9.5.jar;c:\Users\8106550T\.vscode\extensions\vmware.vscode-spring-boot-1.49.0\language-server\BOOT-INF\lib\bosh-language-server-1.49.0-SNAPSHOT.jar;c:\Users\8106550T\.vscode\extensions\vmware.vscode-spring-boot-1.49.0\language-server\BOOT-INF\lib\caffeine-3.1.6.jar;c:\Users\8106550T\.vscode\extensions\vmware.vscode-spring-boot-1.49.0\language-server\BOOT-INF\lib\checker-qual-3.12.0.jar;c:\Users\8106550T\.vscode\extensions\vmware.vscode-spring-boot-1.49.0\language-server\BOOT-INF\lib\classgraph-4.8.149.jar;c:\Users\8106550T\.vscode\extensions\vmware.vscode-spring-boot-1.49.0\language-server\BOOT-INF\lib\commons-codec-1.15.jar;c:\Users\8106550T\.vscode\extensions\vmware.vscode-spring-boot-1.49.0\language-server\BOOT-INF\lib\commons-compress-1.23.0.jar;c:\Users\8106550T\.vscode\extensions\vmware.vsco
Launcher Type: SUN_STANDARD

[Global flags]
     intx CICompilerCount                          = 4                                         {product} {ergonomic}
     uint ConcGCThreads                            = 2                                         {product} {ergonomic}
     uint G1ConcRefinementThreads                  = 8                                         {product} {ergonomic}
   size_t G1HeapRegionSize                         = 1048576                                   {product} {ergonomic}
    uintx GCDrainStackTargetSize                   = 64                                        {product} {ergonomic}
     bool HeapDumpOnOutOfMemoryError               = true                                   {manageable} {command line}
   size_t InitialHeapSize                          = 264241152                                 {product} {ergonomic}
   size_t MarkStackSize                            = 4194304                                   {product} {ergonomic}
   size_t MaxHeapSize                              = 1073741824                                {product} {command line}
   size_t MaxNewSize                               = 643825664                                 {product} {ergonomic}
   size_t MinHeapDeltaBytes                        = 1048576                                   {product} {ergonomic}
   size_t MinHeapSize                              = 8388608                                   {product} {ergonomic}
    uintx NonProfiledCodeHeapSize                  = 0                                      {pd product} {ergonomic}
     bool ProfileInterpreter                       = false                                  {pd product} {command line}
    uintx ProfiledCodeHeapSize                     = 0                                      {pd product} {ergonomic}
   size_t SoftMaxHeapSize                          = 1073741824                             {manageable} {ergonomic}
     intx TieredStopAtLevel                        = 1                                         {product} {command line}
     bool UseCompressedClassPointers               = true                           {product lp64_product} {ergonomic}
     bool UseCompressedOops                        = true                           {product lp64_product} {ergonomic}
     bool UseG1GC                                  = true                                      {product} {ergonomic}
     bool UseLargePagesIndividualAllocation        = false                                  {pd product} {ergonomic}

Logging:
Log output configuration:
 #0: stdout all=warning,jni+resolve=off uptime,level,tags
 #1: stderr all=off uptime,level,tags

Environment Variables:
PATH=C:\Program Files\Common Files\Oracle\Java\javapath;C:\Windows\system32;C:\Windows;C:\Windows\System32\Wbem;C:\Windows\System32\WindowsPowerShell\v1.0\;C:\Windows\System32\OpenSSH\;C:\Program Files (x86)\NVIDIA Corporation\PhysX\Common;C:\Program Files\NVIDIA Corporation\NVIDIA NvDLISR;C:\Program Files\Git\cmd;C:\ProgramData\chocolatey\bin;C:\Program Files\GitHub CLI\;C:\WINDOWS\system32;C:\WINDOWS;C:\WINDOWS\System32\Wbem;C:\WINDOWS\System32\WindowsPowerShell\v1.0\;C:\WINDOWS\System32\OpenSSH\;C:\Program Files\MySQL\MySQL Server 8.0\bin;C:\Program Files\apache-maven-3.9.3\bin;C:\Program Files\nodejs;C:\Program Files\MySQL\MySQL Shell 8.0\bin\;C:\Users\8106550T\AppData\Local\Microsoft\WindowsApps;C:\Users\8106550T\AppData\Local\Programs\Microsoft VS Code\bin;C:\Users\8106550T\AppData\Roaming\npm;C:\Users\8106550T\AppData\Local\GitHubDesktop\bin;
USERNAME=8106550T
OS=Windows_NT
PROCESSOR_IDENTIFIER=Intel64 Family 6 Model 140 Stepping 1, GenuineIntel
TMP=C:\Users\8106550T\AppData\Local\Temp
TEMP=C:\Users\8106550T\AppData\Local\Temp



---------------  S Y S T E M  ---------------

OS:
 Windows 11 , 64 bit Build 22621 (10.0.22621.2215)
OS uptime: 4 days 0:01 hours
Hyper-V role detected

CPU: total 8 (initial active 8) (4 cores per cpu, 2 threads per core) family 6 model 140 stepping 1 microcode 0x86, cx8, cmov, fxsr, ht, mmx, 3dnowpref, sse, sse2, sse3, ssse3, sse4.1, sse4.2, popcnt, lzcnt, tsc, tscinvbit, avx, avx2, aes, erms, clmul, bmi1, bmi2, adx, avx512f, avx512dq, avx512cd, avx512bw, avx512vl, sha, fma, vzeroupper, avx512_vpopcntdq, avx512_vpclmulqdq, avx512_vaes, avx512_vnni, clflush, clflushopt, clwb, avx512_vbmi2, avx512_vbmi, hv
Processor Information for all 8 processors :
  Max Mhz: 2419, Current Mhz: 2419, Mhz Limit: 2419

Memory: 4k page, system-wide physical 16082M (1103M free)
TotalPageFile size 65234M (AvailPageFile size 109M)
current process WorkingSet (physical memory assigned to process): 79M, peak: 205M
current process commit charge ("private bytes"): 244M, peak: 362M

vm_info: OpenJDK 64-Bit Server VM (17.0.8.1+1) for windows-amd64 JRE (17.0.8.1+1), built on Aug 23 2023 15:29:17 by "admin" with MS VC++ 16.7 (VS2019)

END.
